[2026-04-04 23:24:55] WARNING — Config file not found at 'config.yaml'. Returning empty config.
[2026-04-04 23:24:55] INFO — Directories ensured: ['models/', 'logs/']
[2026-04-04 23:24:55] INFO — =======================================================
[2026-04-04 23:24:55] INFO —   STOCK PRICE REGRESSION TRAINING PIPELINE
[2026-04-04 23:24:55] INFO — =======================================================
[2026-04-04 23:24:59] INFO — Data shape after pipeline: (600337, 15)
[2026-04-04 23:24:59] INFO — Columns available: ['Date', 'Open', 'High', 'Low', 'Close', 'Volume', 'Dividends', 'Stock Splits', 'Company', 'Daily_Return', 'Price_Range', 'MA_5', 'Volume_Change', 'Next_Day_UP', 'Next_Day_Close']
[2026-04-04 23:24:59] INFO — Step 2: Defining features and target...
[2026-04-04 23:24:59] INFO — Features shape : (600337, 9)
[2026-04-04 23:24:59] INFO — Target shape   : (600337,)
[2026-04-04 23:24:59] INFO — Target preview : min=1.03, max=6509.35, mean=140.32
[2026-04-04 23:24:59] INFO — Step 3: Splitting data (80% train / 20% test)...
[2026-04-04 23:24:59] INFO — Train size : 480269 rows
[2026-04-04 23:24:59] INFO — Test size  : 120068 rows
[2026-04-04 23:24:59] INFO — Step 4: Training Model 1 — Linear Regression...
[2026-04-04 23:34:24] WARNING — Config file not found at 'config.yaml'. Returning empty config.
[2026-04-04 23:34:24] INFO — Directories ensured: ['models/', 'logs/']
[2026-04-04 23:34:24] INFO — =======================================================
[2026-04-04 23:34:24] INFO —   STOCK PRICE REGRESSION TRAINING PIPELINE
[2026-04-04 23:34:24] INFO — =======================================================
[2026-04-04 23:34:24] INFO — Step 1: Running pipeline (load -> preprocess -> features)...
[2026-04-04 23:34:27] INFO — Step 1b: Cleaning infinity and NaN values from data...
[2026-04-04 23:34:27] INFO — Removed 157 rows with inf/NaN values.
[2026-04-04 23:34:27] INFO — Data shape after pipeline: (600180, 15)
[2026-04-04 23:34:27] INFO — Columns available: ['Date', 'Open', 'High', 'Low', 'Close', 'Volume', 'Dividends', 'Stock Splits', 'Company', 'Daily_Return', 'Price_Range', 'MA_5', 'Volume_Change', 'Next_Day_UP', 'Next_Day_Close']
[2026-04-04 23:34:27] INFO — Step 2: Defining features and target...
[2026-04-04 23:34:27] INFO — Features shape : (600180, 9)
[2026-04-04 23:34:27] INFO — Target shape   : (600180,)
[2026-04-04 23:34:27] INFO — Target preview : min=1.03, max=6509.35, mean=140.34
[2026-04-04 23:34:27] INFO — Step 3: Splitting data (80% train / 20% test)...
[2026-04-04 23:34:27] INFO — Train size : 480144 rows
[2026-04-04 23:34:27] INFO — Test size  : 120036 rows
[2026-04-04 23:34:27] INFO — Step 4: Training Model 1 — Linear Regression...
[2026-04-04 23:34:28] INFO —    MAE      : 1.7202   (avg error in $ price)
[2026-04-04 23:34:28] INFO —    RMSE     : 3.4505  (penalizes large errors)
[2026-04-04 23:34:28] INFO —    RІ Score : 0.999   (1.0 = perfect fit)
[2026-04-04 23:34:28] INFO — Linear Regression training complete.
[2026-04-04 23:34:28] INFO — Step 5: Training Model 2 — Random Forest Regressor...
[2026-04-04 23:34:28] INFO — (This may take 1-2 minutes on 600K rows...)
[2026-04-04 23:39:03] INFO —    MAE      : 1.8031   (avg error in $ price)
[2026-04-04 23:39:03] INFO —    RMSE     : 3.607  (penalizes large errors)
[2026-04-04 23:39:03] INFO —    RІ Score : 0.9989   (1.0 = perfect fit)
[2026-04-04 23:39:03] INFO — Random Forest training complete.
[2026-04-04 23:39:03] INFO — Step 6: Training Model 3 — XGBoost Regressor...
[2026-04-04 23:39:06] INFO —    MAE      : 2.2597   (avg error in $ price)
[2026-04-04 23:39:06] INFO —    RMSE     : 6.252  (penalizes large errors)
[2026-04-04 23:39:06] INFO —    RІ Score : 0.9967   (1.0 = perfect fit)
[2026-04-04 23:39:06] INFO — XGBoost training complete.
[2026-04-04 23:39:06] INFO — Step 7: Comparing all 3 models...
[2026-04-04 23:39:06] INFO — Model comparison table generated.
[2026-04-04 23:39:06] INFO — Step 8: Saving the best model...
[2026-04-04 23:39:06] INFO — Model saved to 'models/model_v1.pkl'
[2026-04-04 23:39:06] INFO — Best model     : Linear Regression
[2026-04-04 23:39:06] INFO — Saved to       : models/model_v1.pkl
[2026-04-04 23:39:06] INFO — RІ Score       : 0.999
[2026-04-04 23:54:05] WARNING вЂ” Config file not found at 'config.yaml'. Returning empty config.
[2026-04-04 23:54:05] INFO вЂ” Directories ensured: ['models/', 'logs/']
[2026-04-04 23:54:05] INFO вЂ” =======================================================
[2026-04-04 23:54:05] INFO вЂ”   STOCK PRICE REGRESSION TRAINING PIPELINE
[2026-04-04 23:54:05] INFO вЂ” =======================================================
[2026-04-04 23:54:05] INFO вЂ” Step 1: Running pipeline (load -> preprocess -> features)...
[2026-04-04 23:54:07] INFO вЂ” Step 1b: Cleaning infinity and NaN values from data...
[2026-04-04 23:54:07] INFO вЂ” Removed 157 rows with inf/NaN values.
[2026-04-04 23:54:07] INFO вЂ” Data shape after pipeline: (600180, 15)
[2026-04-04 23:54:07] INFO вЂ” Columns available: ['Date', 'Open', 'High', 'Low', 'Close', 'Volume', 'Dividends', 'Stock Splits', 'Company', 'Daily_Return', 'Price_Range', 'MA_5', 'Volume_Change', 'Next_Day_UP', 'Next_Day_Close']
[2026-04-04 23:54:07] INFO вЂ” Step 2: Defining features and target...
[2026-04-04 23:54:07] INFO вЂ” Features shape : (600180, 9)
[2026-04-04 23:54:07] INFO вЂ” Target shape   : (600180,)
[2026-04-04 23:54:07] INFO вЂ” Target preview : min=1.03, max=6509.35, mean=140.34
[2026-04-04 23:54:07] INFO вЂ” Step 3: Splitting data (80% train / 20% test)...
[2026-04-04 23:54:07] INFO вЂ” Train size : 480144 rows
[2026-04-04 23:54:07] INFO вЂ” Test size  : 120036 rows
[2026-04-04 23:54:07] INFO вЂ” Step 4: Training Model 1 вЂ” Linear Regression...
[2026-04-04 23:54:07] INFO вЂ” в”Ђв”Ђ Linear Regression Metrics ====================
[2026-04-04 23:54:07] INFO вЂ”    MAE      : 1.7202   (avg error in $ price)
[2026-04-04 23:54:07] INFO вЂ”    RMSE     : 3.4505  (penalizes large errors)
[2026-04-04 23:54:07] INFO вЂ”    RВІ Score : 0.999   (1.0 = perfect fit)
[2026-04-04 23:54:07] INFO вЂ” в”Ђв”Ђв”Ђв”Ђв”Ђв”Ђв”Ђв”Ђв”Ђв”Ђв”Ђв”Ђв”Ђв”Ђв”Ђв”Ђв”Ђв”Ђв”Ђв”Ђв”Ђв”Ђв”Ђв”Ђв”Ђв”Ђв”Ђв”Ђв”Ђв”Ђв”Ђв”Ђв”Ђв”Ђв”Ђв”Ђв”Ђв”Ђв”Ђв”Ђв”Ђв”Ђв”Ђв”Ђв”Ђв”Ђв”Ђв”Ђв”Ђв”Ђ
[2026-04-04 23:54:07] INFO вЂ” Linear Regression training complete.
[2026-04-04 23:54:07] INFO вЂ” Step 5: Training Model 2 вЂ” Random Forest Regressor...
[2026-04-04 23:54:07] INFO вЂ” (This may take 1-2 minutes on 600K rows...)
[2026-04-04 23:56:19] INFO вЂ” в”Ђв”Ђ Random Forest Regressor Metrics ====================
[2026-04-04 23:56:19] INFO вЂ”    MAE      : 1.8031   (avg error in $ price)
[2026-04-04 23:56:19] INFO вЂ”    RMSE     : 3.607  (penalizes large errors)
[2026-04-04 23:56:19] INFO вЂ”    RВІ Score : 0.9989   (1.0 = perfect fit)
[2026-04-04 23:56:19] INFO вЂ” в”Ђв”Ђв”Ђв”Ђв”Ђв”Ђв”Ђв”Ђв”Ђв”Ђв”Ђв”Ђв”Ђв”Ђв”Ђв”Ђв”Ђв”Ђв”Ђв”Ђв”Ђв”Ђв”Ђв”Ђв”Ђв”Ђв”Ђв”Ђв”Ђв”Ђв”Ђв”Ђв”Ђв”Ђв”Ђв”Ђв”Ђв”Ђв”Ђв”Ђв”Ђв”Ђв”Ђв”Ђв”Ђв”Ђв”Ђв”Ђв”Ђв”Ђ
[2026-04-04 23:56:19] INFO вЂ” Random Forest training complete.
[2026-04-04 23:56:19] INFO вЂ” Step 6: Training Model 3 вЂ” XGBoost Regressor...
[2026-04-04 23:56:21] INFO вЂ” в”Ђв”Ђ XGBoost Regressor Metrics ====================
[2026-04-04 23:56:21] INFO вЂ”    MAE      : 2.2597   (avg error in $ price)
[2026-04-04 23:56:21] INFO вЂ”    RMSE     : 6.252  (penalizes large errors)
[2026-04-04 23:56:21] INFO вЂ”    RВІ Score : 0.9967   (1.0 = perfect fit)
[2026-04-04 23:56:21] INFO вЂ” в”Ђв”Ђв”Ђв”Ђв”Ђв”Ђв”Ђв”Ђв”Ђв”Ђв”Ђв”Ђв”Ђв”Ђв”Ђв”Ђв”Ђв”Ђв”Ђв”Ђв”Ђв”Ђв”Ђв”Ђв”Ђв”Ђв”Ђв”Ђв”Ђв”Ђв”Ђв”Ђв”Ђв”Ђв”Ђв”Ђв”Ђв”Ђв”Ђв”Ђв”Ђв”Ђв”Ђв”Ђв”Ђв”Ђв”Ђв”Ђв”Ђв”Ђ
[2026-04-04 23:56:21] INFO вЂ” XGBoost training complete.
[2026-04-04 23:56:21] INFO вЂ” Step 7: Comparing all 3 models...
[2026-04-04 23:56:21] INFO вЂ” Model comparison table generated.
[2026-04-04 23:56:21] INFO вЂ” Step 8: Saving the best model...
[2026-04-04 23:56:21] INFO вЂ” Model saved to 'models/model_v1.pkl'
[2026-04-04 23:56:21] INFO вЂ” Best model     : Linear Regression
[2026-04-04 23:56:21] INFO вЂ” Saved to       : models/model_v1.pkl
[2026-04-04 23:56:21] INFO вЂ” RВІ Score       : 0.999
[2026-04-05 00:31:37] WARNING вЂ” Config file not found at 'config.yaml'. Returning empty config.
[2026-04-05 00:31:37] INFO вЂ” Directories ensured: ['models/', 'logs/']
[2026-04-05 00:31:38] INFO вЂ” =======================================================
[2026-04-05 00:31:38] INFO вЂ”   STOCK PRICE REGRESSION TRAINING PIPELINE
[2026-04-05 00:31:38] INFO вЂ”   Models : Random Forest | XGBoost
[2026-04-05 00:31:38] INFO вЂ”   Target : Next Day Closing Price
[2026-04-05 00:31:38] INFO вЂ” =======================================================
[2026-04-05 00:31:38] INFO вЂ” Step 1: Running pipeline (load -> preprocess -> features)...
[2026-04-05 00:31:39] INFO вЂ” Step 1b: Cleaning infinity and NaN values...
[2026-04-05 00:31:39] INFO вЂ” Removed 157 bad rows. Clean shape: (600180, 15)
[2026-04-05 00:31:39] INFO вЂ” Step 2: Defining features and target...
[2026-04-05 00:31:39] INFO вЂ” Features (8): ['Open', 'High', 'Low', 'Volume', 'Daily_Return', 'Price_Range', 'MA_5', 'Volume_Change']
[2026-04-05 00:31:39] INFO вЂ” Target              : Next_Day_Close
[2026-04-05 00:31:39] INFO вЂ” X shape             : (600180, 8)
[2026-04-05 00:31:39] INFO вЂ” y shape             : (600180,)
[2026-04-05 00:31:39] INFO вЂ” y range             : min=1.03, max=6509.35, mean=140.34
[2026-04-05 00:31:39] INFO вЂ” Step 3: Splitting data (80% train / 20% test, no shuffle)...
[2026-04-05 00:31:39] INFO вЂ” Train size : 480144 rows
[2026-04-05 00:31:39] INFO вЂ” Test size  : 120036 rows
[2026-04-05 00:31:39] INFO вЂ” Step 4: Training Model 1 - Random Forest Regressor...
[2026-04-05 00:31:39] INFO вЂ” (May take 2-3 minutes on 480K rows...)
[2026-04-05 00:33:34] INFO вЂ” -- Random Forest Regressor Metrics --------------------------
[2026-04-05 00:33:34] INFO вЂ”    MAE      : 1.8031   (avg error in $ price)
[2026-04-05 00:33:34] INFO вЂ”    RMSE     : 3.589  (penalizes large errors more)
[2026-04-05 00:33:34] INFO вЂ”    R2 Score : 0.9989   (1.0 = perfect fit)
[2026-04-05 00:33:34] INFO вЂ” --------------------------------------------------
[2026-04-05 00:33:34] INFO вЂ” Random Forest training complete.
[2026-04-05 00:33:34] INFO вЂ” Step 5: Training Model 2 - XGBoost Regressor...
[2026-04-05 00:33:35] INFO вЂ” -- XGBoost Regressor Metrics --------------------------
[2026-04-05 00:33:35] INFO вЂ”    MAE      : 2.3158   (avg error in $ price)
[2026-04-05 00:33:35] INFO вЂ”    RMSE     : 7.44  (penalizes large errors more)
[2026-04-05 00:33:35] INFO вЂ”    R2 Score : 0.9954   (1.0 = perfect fit)
[2026-04-05 00:33:35] INFO вЂ” --------------------------------------------------
[2026-04-05 00:33:35] INFO вЂ” XGBoost training complete.
[2026-04-05 00:33:35] INFO вЂ” Step 6: Comparing both models...
[2026-04-05 00:33:35] INFO вЂ” Model comparison table generated.
[2026-04-05 00:33:35] INFO вЂ” Step 7: Saving the best model...
[2026-04-05 00:33:49] INFO вЂ” Model saved to 'models/model_v1.pkl'
[2026-04-05 00:33:49] INFO вЂ” Best model : Random Forest Regressor
[2026-04-05 00:33:49] INFO вЂ” Saved to   : models/model_v1.pkl
[2026-04-05 00:33:49] INFO вЂ” R2 Score   : 0.9989
[2026-04-05 00:40:04] WARNING вЂ” Config file not found at 'config.yaml'. Returning empty config.
[2026-04-05 00:40:04] INFO вЂ” Directories ensured: ['models/', 'logs/']
[2026-04-05 00:40:04] INFO вЂ” =======================================================
[2026-04-05 00:40:04] INFO вЂ”   STOCK PRICE REGRESSION TRAINING PIPELINE
[2026-04-05 00:40:04] INFO вЂ”   Models : Random Forest | XGBoost
[2026-04-05 00:40:04] INFO вЂ”   Target : Next Day Closing Price
[2026-04-05 00:40:04] INFO вЂ” =======================================================
[2026-04-05 00:40:04] INFO вЂ” Step 1: Running pipeline (load -> preprocess -> features)...
[2026-04-05 00:40:05] INFO вЂ” Step 1b: Cleaning infinity and NaN values...
[2026-04-05 00:40:05] INFO вЂ” Removed 157 bad rows. Clean shape: (600180, 15)
[2026-04-05 00:40:05] INFO вЂ” Step 2: Defining features and target...
[2026-04-05 00:40:05] INFO вЂ” Features (8): ['Open', 'High', 'Low', 'Volume', 'Daily_Return', 'Price_Range', 'MA_5', 'Volume_Change']
[2026-04-05 00:40:05] INFO вЂ” Target              : Next_Day_Close
[2026-04-05 00:40:05] INFO вЂ” X shape             : (600180, 8)
[2026-04-05 00:40:05] INFO вЂ” y shape             : (600180,)
[2026-04-05 00:40:05] INFO вЂ” y range             : min=1.03, max=6509.35, mean=140.34
[2026-04-05 00:40:05] INFO вЂ” Step 3: Splitting data (80% train / 20% test, no shuffle)...
[2026-04-05 00:40:05] INFO вЂ” Train size : 480144 rows
[2026-04-05 00:40:05] INFO вЂ” Test size  : 120036 rows
[2026-04-05 00:40:05] INFO вЂ” Step 4: Training Model 1 - Random Forest Regressor...
[2026-04-05 00:40:05] INFO вЂ” (May take 2-3 minutes on 480K rows...)
[2026-04-05 00:42:05] INFO вЂ” -- Random Forest Regressor Metrics --------------------------
[2026-04-05 00:42:05] INFO вЂ”    MAE      : 1.8031   (avg error in $ price)
[2026-04-05 00:42:05] INFO вЂ”    RMSE     : 3.589  (penalizes large errors more)
[2026-04-05 00:42:05] INFO вЂ”    R2 Score : 0.9989   (1.0 = perfect fit)
[2026-04-05 00:42:05] INFO вЂ” --------------------------------------------------
[2026-04-05 00:42:05] INFO вЂ” Random Forest training complete.
[2026-04-05 00:42:05] INFO вЂ” Step 5: Training Model 2 - XGBoost Regressor...
[2026-04-05 00:42:07] INFO вЂ” -- XGBoost Regressor Metrics --------------------------
[2026-04-05 00:42:07] INFO вЂ”    MAE      : 2.3158   (avg error in $ price)
[2026-04-05 00:42:07] INFO вЂ”    RMSE     : 7.44  (penalizes large errors more)
[2026-04-05 00:42:07] INFO вЂ”    R2 Score : 0.9954   (1.0 = perfect fit)
[2026-04-05 00:42:07] INFO вЂ” --------------------------------------------------
[2026-04-05 00:42:07] INFO вЂ” XGBoost training complete.
[2026-04-05 00:42:07] INFO вЂ” Step 6: Comparing both models...
[2026-04-05 00:42:07] INFO вЂ” Model comparison table generated.
[2026-04-05 00:42:07] INFO вЂ” Step 7: Saving the best model...
[2026-04-05 00:42:17] INFO вЂ” Model saved to 'models/model_v1.pkl'
[2026-04-05 00:42:17] INFO вЂ” Best model : Random Forest Regressor
[2026-04-05 00:42:17] INFO вЂ” Saved to   : models/model_v1.pkl
[2026-04-05 00:42:17] INFO вЂ” R2 Score   : 0.9989
[2026-04-05 00:55:52] INFO вЂ” Config loaded from 'config.yaml'
[2026-04-05 00:55:52] INFO вЂ” Directories ensured: ['models/', 'logs/']
[2026-04-05 00:55:52] INFO вЂ” =======================================================
[2026-04-05 00:55:52] INFO вЂ”   STOCK PRICE REGRESSION TRAINING PIPELINE
[2026-04-05 00:55:52] INFO вЂ”   Models : Random Forest | XGBoost
[2026-04-05 00:55:52] INFO вЂ”   Target : Next Day Closing Price
[2026-04-05 00:55:52] INFO вЂ” =======================================================
[2026-04-05 00:55:52] INFO вЂ” Step 1: Running pipeline (load -> preprocess -> features)...
[2026-04-05 00:55:53] INFO вЂ” Step 1b: Cleaning infinity and NaN values...
[2026-04-05 00:55:53] INFO вЂ” Removed 157 bad rows. Clean shape: (600180, 15)
[2026-04-05 00:55:53] INFO вЂ” Step 2: Defining features and target...
[2026-04-05 00:55:53] INFO вЂ” Features (8): ['Open', 'High', 'Low', 'Volume', 'Daily_Return', 'Price_Range', 'MA_5', 'Volume_Change']
[2026-04-05 00:55:53] INFO вЂ” Target              : Next_Day_Close
[2026-04-05 00:55:53] INFO вЂ” X shape             : (600180, 8)
[2026-04-05 00:55:53] INFO вЂ” y shape             : (600180,)
[2026-04-05 00:55:53] INFO вЂ” y range             : min=1.03, max=6509.35, mean=140.34
[2026-04-05 00:55:53] INFO вЂ” Step 3: Splitting data (80% train / 20% test, no shuffle)...
[2026-04-05 00:55:53] INFO вЂ” Train size : 480144 rows
[2026-04-05 00:55:53] INFO вЂ” Test size  : 120036 rows
[2026-04-05 00:55:53] INFO вЂ” Step 4: Training Model 1 - Random Forest Regressor...
[2026-04-05 00:55:53] INFO вЂ” (May take 2-3 minutes on 480K rows...)
[2026-04-05 00:57:45] INFO вЂ” -- Random Forest Regressor Metrics --------------------------
[2026-04-05 00:57:45] INFO вЂ”    MAE      : 1.8031   (avg error in $ price)
[2026-04-05 00:57:45] INFO вЂ”    RMSE     : 3.589  (penalizes large errors more)
[2026-04-05 00:57:45] INFO вЂ”    R2 Score : 0.9989   (1.0 = perfect fit)
[2026-04-05 00:57:45] INFO вЂ” --------------------------------------------------
[2026-04-05 00:57:45] INFO вЂ” Random Forest training complete.
[2026-04-05 00:57:45] INFO вЂ” Step 5: Training Model 2 - XGBoost Regressor...
[2026-04-05 00:57:46] INFO вЂ” -- XGBoost Regressor Metrics --------------------------
[2026-04-05 00:57:46] INFO вЂ”    MAE      : 2.3158   (avg error in $ price)
[2026-04-05 00:57:46] INFO вЂ”    RMSE     : 7.44  (penalizes large errors more)
[2026-04-05 00:57:46] INFO вЂ”    R2 Score : 0.9954   (1.0 = perfect fit)
[2026-04-05 00:57:46] INFO вЂ” --------------------------------------------------
[2026-04-05 00:57:46] INFO вЂ” XGBoost training complete.
[2026-04-05 00:57:46] INFO вЂ” Step 6: Comparing both models...
[2026-04-05 00:57:46] INFO вЂ” Model comparison table generated.
[2026-04-05 00:57:46] INFO вЂ” Step 7: Saving the best model...
[2026-04-05 00:58:04] INFO вЂ” Model saved to 'models/model_v1.pkl'
[2026-04-05 00:58:04] INFO вЂ” Best model : Random Forest Regressor
[2026-04-05 00:58:04] INFO вЂ” Saved to   : models/model_v1.pkl
[2026-04-05 00:58:04] INFO вЂ” R2 Score   : 0.9989
[2026-04-05 01:06:34] INFO вЂ” Config loaded from 'config.yaml'
[2026-04-05 01:06:34] INFO вЂ” Directories ensured: ['models/', 'logs/']
[2026-04-05 01:06:34] INFO вЂ” =======================================================
[2026-04-05 01:06:34] INFO вЂ”   STOCK PRICE REGRESSION TRAINING PIPELINE
[2026-04-05 01:06:34] INFO вЂ”   Models : Random Forest | XGBoost
[2026-04-05 01:06:34] INFO вЂ”   Target : Next Day Closing Price
[2026-04-05 01:06:34] INFO вЂ” =======================================================
[2026-04-05 01:06:34] INFO вЂ” Step 1: Running pipeline (load -> preprocess -> features)...
[2026-04-05 01:06:35] INFO вЂ” Step 1b: Cleaning infinity and NaN values...
[2026-04-05 01:06:35] INFO вЂ” Removed 157 bad rows. Clean shape: (600180, 15)
[2026-04-05 01:06:35] INFO вЂ” Step 2: Defining features and target...
[2026-04-05 01:06:35] INFO вЂ” Features (8): ['Open', 'High', 'Low', 'Volume', 'Daily_Return', 'Price_Range', 'MA_5', 'Volume_Change']
[2026-04-05 01:06:35] INFO вЂ” Target              : Next_Day_Close
[2026-04-05 01:06:35] INFO вЂ” X shape             : (600180, 8)
[2026-04-05 01:06:35] INFO вЂ” y shape             : (600180,)
[2026-04-05 01:06:35] INFO вЂ” y range             : min=1.03, max=6509.35, mean=140.34
[2026-04-05 01:06:35] INFO вЂ” Step 3: Splitting data (80% train / 20% test, no shuffle)...
[2026-04-05 01:06:35] INFO вЂ” Train size : 480144 rows
[2026-04-05 01:06:35] INFO вЂ” Test size  : 120036 rows
[2026-04-05 01:06:35] INFO вЂ” Step 4: Training Model 1 - Random Forest Regressor...
[2026-04-05 01:06:35] INFO вЂ” (May take 2-3 minutes on 480K rows...)
[2026-04-05 01:08:33] INFO вЂ” -- Random Forest Regressor Metrics --------------------------
[2026-04-05 01:08:33] INFO вЂ”    MAE      : 1.8031   (avg error in $ price)
[2026-04-05 01:08:33] INFO вЂ”    RMSE     : 3.589  (penalizes large errors more)
[2026-04-05 01:08:33] INFO вЂ”    R2 Score : 0.9989   (1.0 = perfect fit)
[2026-04-05 01:08:33] INFO вЂ” --------------------------------------------------
[2026-04-05 01:08:33] INFO вЂ” Random Forest training complete.
[2026-04-05 01:08:33] INFO вЂ” Step 5: Training Model 2 - XGBoost Regressor...
[2026-04-05 01:08:35] INFO вЂ” -- XGBoost Regressor Metrics --------------------------
[2026-04-05 01:08:35] INFO вЂ”    MAE      : 2.3158   (avg error in $ price)
[2026-04-05 01:08:35] INFO вЂ”    RMSE     : 7.44  (penalizes large errors more)
[2026-04-05 01:08:35] INFO вЂ”    R2 Score : 0.9954   (1.0 = perfect fit)
[2026-04-05 01:08:35] INFO вЂ” --------------------------------------------------
[2026-04-05 01:08:35] INFO вЂ” XGBoost training complete.
[2026-04-05 01:08:35] INFO вЂ” Step 6: Comparing both models...
[2026-04-05 01:08:35] INFO вЂ” Model comparison table generated.
[2026-04-05 01:08:35] INFO вЂ” Step 7: Saving the best model...
[2026-04-05 01:08:44] INFO вЂ” Model saved to 'models/model_v1.pkl'
[2026-04-05 01:08:44] INFO вЂ” Best model : Random Forest Regressor
[2026-04-05 01:08:44] INFO вЂ” Saved to   : models/model_v1.pkl
[2026-04-05 01:08:44] INFO вЂ” R2 Score   : 0.9989
[2026-04-05 01:09:18] INFO вЂ” Directories ensured: ['logs/', 'outputs/']
[2026-04-05 01:09:18] INFO вЂ” =======================================================
[2026-04-05 01:09:18] INFO вЂ”   MODEL EVALUATION PIPELINE
[2026-04-05 01:09:18] INFO вЂ”   Loading saved model and evaluating on test data
[2026-04-05 01:09:18] INFO вЂ” =======================================================
[2026-04-05 01:09:18] INFO вЂ” Step 1: Loading model from 'models/model_v1.pkl'...
[2026-04-05 01:09:25] INFO вЂ” Model loaded from 'models/model_v1.pkl'
[2026-04-05 01:09:25] INFO вЂ” Model loaded: RandomForestRegressor
[2026-04-05 01:09:25] INFO вЂ” Step 2: Running pipeline to rebuild data...
[2026-04-05 01:09:27] INFO вЂ” Clean data shape: (600180, 15)
[2026-04-05 01:09:27] INFO вЂ” Step 3: Recreating train/test split (same as train.py)...
[2026-04-05 01:09:27] INFO вЂ” Test set size: 120036 rows
[2026-04-05 01:09:27] INFO вЂ” Step 4: Generating predictions and computing metrics...
[2026-04-05 01:09:28] INFO вЂ” -------------------------------------------------------
[2026-04-05 01:09:28] INFO вЂ”   Model         : RandomForestRegressor
[2026-04-05 01:09:28] INFO вЂ”   Test samples  : 120036
[2026-04-05 01:09:28] INFO вЂ”   MAE           : 1.8031  (avg $ error per prediction)
[2026-04-05 01:09:28] INFO вЂ”   RMSE          : 3.589 (error penalizing big mistakes)
[2026-04-05 01:09:28] INFO вЂ”   R2 Score      : 0.9989  (1.0 = perfect)
[2026-04-05 01:09:28] INFO вЂ” -------------------------------------------------------
[2026-04-05 01:09:28] INFO вЂ” Step 5: Generating Actual vs Predicted plot...
[2026-04-05 01:09:29] INFO вЂ” Plots saved to 'outputs/evaluation_plots.png'
[2026-04-05 01:17:17] INFO вЂ” Config loaded from 'config.yaml'
[2026-04-05 01:17:17] INFO вЂ” Directories ensured: ['models/', 'logs/']
[2026-04-05 01:17:17] INFO вЂ” =======================================================
[2026-04-05 01:17:17] INFO вЂ”   STOCK PRICE REGRESSION TRAINING PIPELINE
[2026-04-05 01:17:17] INFO вЂ”   Models : Random Forest | XGBoost
[2026-04-05 01:17:17] INFO вЂ”   Target : Next Day Closing Price
[2026-04-05 01:17:17] INFO вЂ” =======================================================
[2026-04-05 01:17:17] INFO вЂ” Step 1: Running pipeline (load -> preprocess -> features)...
[2026-04-05 01:17:18] INFO вЂ” Step 1b: Cleaning infinity and NaN values...
[2026-04-05 01:17:19] INFO вЂ” Removed 157 bad rows. Clean shape: (600180, 15)
[2026-04-05 01:17:19] INFO вЂ” Step 2: Defining features and target...
[2026-04-05 01:17:19] INFO вЂ” Features (8): ['Open', 'High', 'Low', 'Volume', 'Daily_Return', 'Price_Range', 'MA_5', 'Volume_Change']
[2026-04-05 01:17:19] INFO вЂ” Target              : Next_Day_Close
[2026-04-05 01:17:19] INFO вЂ” X shape             : (600180, 8)
[2026-04-05 01:17:19] INFO вЂ” y shape             : (600180,)
[2026-04-05 01:17:19] INFO вЂ” y range             : min=1.03, max=6509.35, mean=140.34
[2026-04-05 01:17:19] INFO вЂ” Step 3: Splitting data (80% train / 20% test, no shuffle)...
[2026-04-05 01:17:19] INFO вЂ” Train size : 480144 rows
[2026-04-05 01:17:19] INFO вЂ” Test size  : 120036 rows
[2026-04-05 01:17:19] INFO вЂ” Step 4: Training Model 1 - Random Forest Regressor...
[2026-04-05 01:17:19] INFO вЂ” (May take 2-3 minutes on 480K rows...)
[2026-04-05 01:19:21] INFO вЂ” -- Random Forest Regressor Metrics --------------------------
[2026-04-05 01:19:21] INFO вЂ”    MAE      : 1.8031   (avg error in $ price)
[2026-04-05 01:19:21] INFO вЂ”    RMSE     : 3.589  (penalizes large errors more)
[2026-04-05 01:19:21] INFO вЂ”    R2 Score : 0.9989   (1.0 = perfect fit)
[2026-04-05 01:19:21] INFO вЂ” --------------------------------------------------
[2026-04-05 01:19:21] INFO вЂ” Random Forest training complete.
[2026-04-05 01:19:21] INFO вЂ” Step 5: Training Model 2 - XGBoost Regressor...
[2026-04-05 01:19:23] INFO вЂ” -- XGBoost Regressor Metrics --------------------------
[2026-04-05 01:19:23] INFO вЂ”    MAE      : 2.3158   (avg error in $ price)
[2026-04-05 01:19:23] INFO вЂ”    RMSE     : 7.44  (penalizes large errors more)
[2026-04-05 01:19:23] INFO вЂ”    R2 Score : 0.9954   (1.0 = perfect fit)
[2026-04-05 01:19:23] INFO вЂ” --------------------------------------------------
[2026-04-05 01:19:23] INFO вЂ” XGBoost training complete.
[2026-04-05 01:19:23] INFO вЂ” Step 6: Comparing both models...
[2026-04-05 01:19:23] INFO вЂ” Model comparison table generated.
[2026-04-05 01:19:23] INFO вЂ” Step 7: Saving the best model...
[2026-04-05 01:19:28] INFO вЂ” Model saved to 'models/model_v1.pkl'
[2026-04-05 01:19:28] INFO вЂ” Best model : Random Forest Regressor
[2026-04-05 01:19:28] INFO вЂ” Saved to   : models/model_v1.pkl
[2026-04-05 01:19:28] INFO вЂ” R2 Score   : 0.9989
[2026-04-05 01:20:12] INFO вЂ” Directories ensured: ['logs/', 'outputs/']
[2026-04-05 01:20:12] INFO вЂ” =======================================================
[2026-04-05 01:20:12] INFO вЂ”   MODEL EVALUATION PIPELINE
[2026-04-05 01:20:12] INFO вЂ”   Loading saved model and evaluating on test data
[2026-04-05 01:20:12] INFO вЂ” =======================================================
[2026-04-05 01:20:12] INFO вЂ” Step 1: Loading model from 'models/model_v1.pkl'...
[2026-04-05 01:20:19] INFO вЂ” Model loaded from 'models/model_v1.pkl'
[2026-04-05 01:20:19] INFO вЂ” Model loaded: RandomForestRegressor
[2026-04-05 01:20:19] INFO вЂ” Step 2: Running pipeline to rebuild data...
[2026-04-05 01:20:21] INFO вЂ” Clean data shape: (600180, 15)
[2026-04-05 01:20:21] INFO вЂ” Step 3: Recreating train/test split (same as train.py)...
[2026-04-05 01:20:21] INFO вЂ” Test set size: 120036 rows
[2026-04-05 01:20:21] INFO вЂ” Step 4: Generating predictions and computing metrics...
[2026-04-05 01:20:22] INFO вЂ” -------------------------------------------------------
[2026-04-05 01:20:22] INFO вЂ”   Model         : RandomForestRegressor
[2026-04-05 01:20:22] INFO вЂ”   Test samples  : 120036
[2026-04-05 01:20:22] INFO вЂ”   MAE           : 1.8031  (avg $ error per prediction)
[2026-04-05 01:20:22] INFO вЂ”   RMSE          : 3.589 (error penalizing big mistakes)
[2026-04-05 01:20:22] INFO вЂ”   R2 Score      : 0.9989  (1.0 = perfect)
[2026-04-05 01:20:22] INFO вЂ” -------------------------------------------------------
[2026-04-05 01:20:22] INFO вЂ” Step 5: Generating Actual vs Predicted plot...
[2026-04-05 01:20:22] INFO вЂ” Plots saved to 'outputs/evaluation_plots.png'
[2026-04-05 01:20:35] INFO вЂ” Directories ensured: ['logs/', 'outputs/']
[2026-04-05 01:20:35] INFO вЂ” =======================================================
[2026-04-05 01:20:35] INFO вЂ”   STOCK PRICE PREDICTION PIPELINE
[2026-04-05 01:20:35] INFO вЂ”   Predicting: Next Day Closing Price
[2026-04-05 01:20:35] INFO вЂ” =======================================================
[2026-04-05 01:20:35] INFO вЂ” Step 1: Loading model from 'models/model_v1.pkl'...
[2026-04-05 01:20:41] INFO вЂ” Model loaded from 'models/model_v1.pkl'
[2026-04-05 01:20:41] INFO вЂ” Model loaded: RandomForestRegressor
[2026-04-05 01:20:41] INFO вЂ” Step 2: Loading data from pipeline...
[2026-04-05 01:20:43] INFO вЂ” Clean data shape: (600180, 15)
[2026-04-05 01:20:43] INFO вЂ” Step 3: Predicting next day close for latest data per company...
[2026-04-05 01:20:43] INFO вЂ” Predicting on 4910 rows across 491 companies...
[2026-04-05 01:20:43] INFO вЂ” Step 4: Displaying prediction results...
[2026-04-05 01:20:43] INFO вЂ” Step 5: Saving predictions to CSV...
[2026-04-05 01:20:44] INFO вЂ” Predictions saved to 'outputs/predictions.csv'
[2026-04-05 12:07:43] INFO вЂ” Config loaded from 'config.yaml'
[2026-04-05 12:07:43] INFO вЂ” Directories ensured: ['models/', 'logs/']
[2026-04-05 12:07:43] INFO вЂ” =======================================================
[2026-04-05 12:07:43] INFO вЂ”   STOCK PRICE REGRESSION TRAINING PIPELINE
[2026-04-05 12:07:43] INFO вЂ”   Models : Random Forest | XGBoost
[2026-04-05 12:07:43] INFO вЂ”   Target : Next Day Closing Price
[2026-04-05 12:07:43] INFO вЂ” =======================================================
[2026-04-05 12:07:43] INFO вЂ” Step 1: Running pipeline (load -> preprocess -> features)...
[2026-04-05 14:31:51] INFO вЂ” Config loaded from 'config.yaml'
[2026-04-05 14:31:51] INFO вЂ” Directories ensured: ['models/', 'logs/']
[2026-04-05 14:31:51] INFO вЂ” =======================================================
[2026-04-05 14:31:51] INFO вЂ”   STOCK PRICE REGRESSION TRAINING PIPELINE
[2026-04-05 14:31:51] INFO вЂ”   Models : Random Forest | XGBoost
[2026-04-05 14:31:51] INFO вЂ”   Target : Next Day Closing Price
[2026-04-05 14:31:51] INFO вЂ” =======================================================
[2026-04-05 14:31:51] INFO вЂ” Step 1: Running pipeline (load -> preprocess -> features)...
[2026-04-05 14:31:52] WARNING вЂ” 'Next_Day_Close' not in columns. Creating it as fallback.
[2026-04-05 14:31:52] WARNING вЂ” Ask teammate to add this line in features.py:
[2026-04-05 14:31:52] WARNING вЂ”   df['Next_Day_Close'] = df.groupby('Company')['Close'].shift(-1)
[2026-04-05 14:31:52] INFO вЂ” Step 1b: Cleaning infinity and NaN values...
[2026-04-05 14:31:52] INFO вЂ” Removed 157 bad rows. Clean shape: (600180, 15)
[2026-04-05 14:31:52] INFO вЂ” Step 2: Defining features and target...
[2026-04-05 14:31:52] INFO вЂ” Features (8): ['Open', 'High', 'Low', 'Volume', 'Daily_Return', 'Price_Range', 'MA_5', 'Volume_Change']
[2026-04-05 14:31:52] INFO вЂ” Target              : Next_Day_Close
[2026-04-05 14:31:52] INFO вЂ” X shape             : (600180, 8)
[2026-04-05 14:31:52] INFO вЂ” y shape             : (600180,)
[2026-04-05 14:31:52] INFO вЂ” y range             : min=1.03, max=6509.35, mean=140.34
[2026-04-05 14:31:52] INFO вЂ” Step 3: Splitting data (80% train / 20% test, no shuffle)...
[2026-04-05 14:31:52] INFO вЂ” Train size : 480144 rows
[2026-04-05 14:31:52] INFO вЂ” Test size  : 120036 rows
[2026-04-05 14:31:52] INFO вЂ” Step 4: Training Model 1 - Random Forest Regressor...
[2026-04-05 14:31:52] INFO вЂ” (May take 2-3 minutes on 480K rows...)
[2026-04-05 14:33:00] INFO вЂ” -- Random Forest Regressor Metrics --------------------------
[2026-04-05 14:33:00] INFO вЂ”    MAE      : 1.8028   (avg error in $ price)
[2026-04-05 14:33:00] INFO вЂ”    RMSE     : 3.5875  (penalizes large errors more)
[2026-04-05 14:33:00] INFO вЂ”    R2 Score : 0.9989   (1.0 = perfect fit)
[2026-04-05 14:33:00] INFO вЂ” --------------------------------------------------
[2026-04-05 14:33:00] INFO вЂ” Random Forest training complete.
[2026-04-05 14:33:00] INFO вЂ” Step 5: Training Model 2 - XGBoost Regressor...
[2026-04-05 14:33:02] INFO вЂ” -- XGBoost Regressor Metrics --------------------------
[2026-04-05 14:33:02] INFO вЂ”    MAE      : 2.3402   (avg error in $ price)
[2026-04-05 14:33:02] INFO вЂ”    RMSE     : 6.8389  (penalizes large errors more)
[2026-04-05 14:33:02] INFO вЂ”    R2 Score : 0.9961   (1.0 = perfect fit)
[2026-04-05 14:33:02] INFO вЂ” --------------------------------------------------
[2026-04-05 14:33:02] INFO вЂ” XGBoost training complete.
[2026-04-05 14:33:02] INFO вЂ” Step 6: Comparing both models...
[2026-04-05 14:33:02] INFO вЂ” Model comparison table generated.
[2026-04-05 14:33:02] INFO вЂ” Step 7: Saving the best model...
[2026-04-05 14:33:06] INFO вЂ” Model saved to 'models/model_v1.pkl'
[2026-04-05 14:33:06] INFO вЂ” Best model : Random Forest Regressor
[2026-04-05 14:33:06] INFO вЂ” Saved to   : models/model_v1.pkl
[2026-04-05 14:33:06] INFO вЂ” R2 Score   : 0.9989
[2026-04-05 16:24:25] INFO вЂ” Directories ensured: ['logs/', 'outputs/']
[2026-04-05 16:24:25] INFO вЂ” =======================================================
[2026-04-05 16:24:25] INFO вЂ”   MODEL EVALUATION PIPELINE
[2026-04-05 16:24:25] INFO вЂ”   Loading saved model and evaluating on test data
[2026-04-05 16:24:25] INFO вЂ” =======================================================
[2026-04-05 16:24:25] INFO вЂ” Step 1: Loading model from 'models/model_v1.pkl'...
[2026-04-05 16:24:32] INFO вЂ” Model loaded from 'models/model_v1.pkl'
[2026-04-05 16:24:32] INFO вЂ” Model loaded: RandomForestRegressor
[2026-04-05 16:24:32] INFO вЂ” Step 2: Running pipeline to rebuild data...
[2026-04-05 16:24:32] WARNING вЂ” 'Next_Day_Close' not found. Creating it as fallback.
[2026-04-05 16:24:33] INFO вЂ” Clean data shape: (600180, 15)
[2026-04-05 16:24:33] INFO вЂ” Step 3: Recreating train/test split (same as train.py)...
[2026-04-05 16:24:33] INFO вЂ” Test set size: 120036 rows
[2026-04-05 16:24:33] INFO вЂ” Step 4: Generating predictions and computing metrics...
[2026-04-05 16:24:33] INFO вЂ” -------------------------------------------------------
[2026-04-05 16:24:33] INFO вЂ”   Model         : RandomForestRegressor
[2026-04-05 16:24:33] INFO вЂ”   Test samples  : 120036
[2026-04-05 16:24:33] INFO вЂ”   MAE           : 1.8028  (avg $ error per prediction)
[2026-04-05 16:24:33] INFO вЂ”   RMSE          : 3.5875 (error penalizing big mistakes)
[2026-04-05 16:24:33] INFO вЂ”   R2 Score      : 0.9989  (1.0 = perfect)
[2026-04-05 16:24:33] INFO вЂ” -------------------------------------------------------
[2026-04-05 16:24:33] INFO вЂ” Step 5: Generating Actual vs Predicted plot...
[2026-04-05 16:24:34] INFO вЂ” Plots saved to 'outputs/evaluation_plots.png'
[2026-04-05 16:25:07] INFO вЂ” Directories ensured: ['logs/', 'outputs/']
[2026-04-05 16:25:07] INFO вЂ” =======================================================
[2026-04-05 16:25:07] INFO вЂ”   STOCK PRICE PREDICTION PIPELINE
[2026-04-05 16:25:07] INFO вЂ”   Predicting: Next Day Closing Price
[2026-04-05 16:25:07] INFO вЂ” =======================================================
[2026-04-05 16:25:07] INFO вЂ” Step 1: Loading model from 'models/model_v1.pkl'...
[2026-04-05 16:25:14] INFO вЂ” Model loaded from 'models/model_v1.pkl'
[2026-04-05 16:25:14] INFO вЂ” Model loaded: RandomForestRegressor
[2026-04-05 16:25:14] INFO вЂ” Step 2: Loading data from pipeline...
[2026-04-05 16:25:15] INFO вЂ” Clean data shape: (600671, 14)
[2026-04-05 16:25:15] INFO вЂ” Step 3: Predicting next day close for latest data per company...
[2026-04-05 16:25:15] INFO вЂ” Predicting on 4910 rows across 491 companies...
[2026-04-05 16:25:15] INFO вЂ” Step 4: Displaying prediction results...
[2026-04-05 16:25:15] INFO вЂ” Step 5: Saving predictions to CSV...
[2026-04-05 16:25:15] INFO вЂ” Predictions saved to 'outputs/predictions.csv'
[2026-04-05 16:26:35] INFO вЂ” Model loaded from 'models/model_v1.pkl'
[2026-04-05 16:26:35] INFO вЂ” Model loaded at startup: RandomForestRegressor
[2026-04-05 16:27:40] INFO вЂ” Received prediction request: {'Open': 150.0, 'High': 155.0, 'Low': 148.0, 'Volume': 1200000.0, 'Daily_Return': 0.012, 'Price_Range': 7.0, 'MA_5': 149.5, 'Volume_Change': 0.05}
[2026-04-05 16:27:40] INFO вЂ” Prediction: $151.75 | Direction: UP
[2026-04-05 16:27:58] INFO вЂ” Received prediction request: {'Open': 150.0, 'High': 155.0, 'Low': 148.0, 'Volume': 1200000.0, 'Daily_Return': 0.012, 'Price_Range': 7.0, 'MA_5': 149.5, 'Volume_Change': 0.05}
[2026-04-05 16:27:58] INFO вЂ” Prediction: $151.75 | Direction: UP
